<?xml version="1.0" encoding="UTF-8"?>
<testng-results ignored="0" total="2" passed="1" failed="1" skipped="0">
  <reporter-output>
  </reporter-output>
  <suite started-at="2025-03-09T15:35:55 ICT" name="MasterSuite" finished-at="2025-03-09T15:36:14 ICT" duration-ms="19053">
    <groups>
      <group name="Master">
        <method signature="TC01_VerifyRegisterAccount.registerAcc()[pri:0, instance:testCases.TC01_VerifyRegisterAccount@9225652]" name="registerAcc" class="testCases.TC01_VerifyRegisterAccount"/>
        <method signature="TC02_Login.loginSuccess()[pri:0, instance:testCases.TC02_Login@9353778]" name="loginSuccess" class="testCases.TC02_Login"/>
      </group> <!-- Master -->
      <group name="Sanity">
        <method signature="TC01_VerifyRegisterAccount.registerAcc()[pri:0, instance:testCases.TC01_VerifyRegisterAccount@9225652]" name="registerAcc" class="testCases.TC01_VerifyRegisterAccount"/>
      </group> <!-- Sanity -->
      <group name="Regression">
        <method signature="TC02_Login.loginSuccess()[pri:0, instance:testCases.TC02_Login@9353778]" name="loginSuccess" class="testCases.TC02_Login"/>
      </group> <!-- Regression -->
    </groups>
    <test started-at="2025-03-09T15:35:55 ICT" name="RegisterAcc-Chrome" finished-at="2025-03-09T15:36:14 ICT" duration-ms="19053">
      <class name="testCases.TC02_Login">
        <test-method is-config="true" signature="setUp(java.lang.String)[pri:0, instance:testCases.TC02_Login@9353778]" started-at="2025-03-09T15:36:11 ICT" name="setUp" finished-at="2025-03-09T15:36:13 ICT" duration-ms="1915" status="PASS">
          <params>
            <param index="0">
              <value>
                <![CDATA[chrome]]>
              </value>
            </param>
          </params>
          <reporter-output>
          </reporter-output>
        </test-method> <!-- setUp -->
        <test-method signature="loginSuccess()[pri:0, instance:testCases.TC02_Login@9353778]" started-at="2025-03-09T15:36:13 ICT" name="loginSuccess" finished-at="2025-03-09T15:36:14 ICT" duration-ms="1307" status="PASS">
          <reporter-output>
          </reporter-output>
        </test-method> <!-- loginSuccess -->
        <test-method is-config="true" signature="tearDown()[pri:0, instance:testCases.TC02_Login@9353778]" started-at="2025-03-09T15:36:14 ICT" name="tearDown" finished-at="2025-03-09T15:36:14 ICT" duration-ms="153" status="PASS">
          <reporter-output>
          </reporter-output>
        </test-method> <!-- tearDown -->
      </class> <!-- testCases.TC02_Login -->
      <class name="testCases.TC01_VerifyRegisterAccount">
        <test-method is-config="true" signature="setUp(java.lang.String)[pri:0, instance:testCases.TC01_VerifyRegisterAccount@9225652]" started-at="2025-03-09T15:35:56 ICT" name="setUp" finished-at="2025-03-09T15:35:59 ICT" duration-ms="3178" status="PASS">
          <params>
            <param index="0">
              <value>
                <![CDATA[chrome]]>
              </value>
            </param>
          </params>
          <reporter-output>
          </reporter-output>
        </test-method> <!-- setUp -->
        <test-method signature="registerAcc()[pri:0, instance:testCases.TC01_VerifyRegisterAccount@9225652]" started-at="2025-03-09T15:35:59 ICT" name="registerAcc" finished-at="2025-03-09T15:36:11 ICT" duration-ms="11743" status="FAIL">
          <exception class="java.lang.AssertionError">
            <message>
              <![CDATA[expected [true] but found [false]]]>
            </message>
            <full-stacktrace>
              <![CDATA[java.lang.AssertionError: expected [true] but found [false]
at org.testng.Assert.fail(Assert.java:111)
at org.testng.Assert.failNotEquals(Assert.java:1590)
at org.testng.Assert.assertTrue(Assert.java:57)
at org.testng.Assert.assertTrue(Assert.java:67)
at testCases.TC01_VerifyRegisterAccount.registerAcc(TC01_VerifyRegisterAccount.java:40)
at java.base/jdk.internal.reflect.DirectMethodHandleAccessor.invoke(DirectMethodHandleAccessor.java:103)
at java.base/java.lang.reflect.Method.invoke(Method.java:580)
at org.testng.internal.invokers.MethodInvocationHelper.invokeMethod(MethodInvocationHelper.java:141)
at org.testng.internal.invokers.TestInvoker.invokeMethod(TestInvoker.java:687)
at org.testng.internal.invokers.TestInvoker.invokeTestMethod(TestInvoker.java:230)
at org.testng.internal.invokers.MethodRunner.runInSequence(MethodRunner.java:63)
at org.testng.internal.invokers.TestInvoker$MethodInvocationAgent.invoke(TestInvoker.java:995)
at org.testng.internal.invokers.TestInvoker.invokeTestMethods(TestInvoker.java:203)
at org.testng.internal.invokers.TestMethodWorker.invokeTestMethods(TestMethodWorker.java:154)
at org.testng.internal.invokers.TestMethodWorker.run(TestMethodWorker.java:134)
at java.base/java.util.ArrayList.forEach(ArrayList.java:1597)
at org.testng.TestRunner.privateRun(TestRunner.java:741)
at org.testng.TestRunner.run(TestRunner.java:616)
at org.testng.SuiteRunner.runTest(SuiteRunner.java:421)
at org.testng.SuiteRunner.runSequentially(SuiteRunner.java:413)
at org.testng.SuiteRunner.privateRun(SuiteRunner.java:373)
at org.testng.SuiteRunner.run(SuiteRunner.java:312)
at org.testng.SuiteRunnerWorker.runSuite(SuiteRunnerWorker.java:52)
at org.testng.SuiteRunnerWorker.run(SuiteRunnerWorker.java:95)
at org.testng.TestNG.runSuitesSequentially(TestNG.java:1274)
at org.testng.TestNG.runSuitesLocally(TestNG.java:1208)
at org.testng.TestNG.runSuites(TestNG.java:1112)
at org.testng.TestNG.run(TestNG.java:1079)
at com.intellij.rt.testng.IDEARemoteTestNG.run(IDEARemoteTestNG.java:65)
at com.intellij.rt.testng.RemoteTestNGStarter.main(RemoteTestNGStarter.java:105)
]]>
            </full-stacktrace>
          </exception> <!-- java.lang.AssertionError -->
          <reporter-output>
          </reporter-output>
        </test-method> <!-- registerAcc -->
        <test-method is-config="true" signature="tearDown()[pri:0, instance:testCases.TC01_VerifyRegisterAccount@9225652]" started-at="2025-03-09T15:36:11 ICT" name="tearDown" finished-at="2025-03-09T15:36:11 ICT" duration-ms="202" status="PASS">
          <reporter-output>
          </reporter-output>
        </test-method> <!-- tearDown -->
      </class> <!-- testCases.TC01_VerifyRegisterAccount -->
    </test> <!-- RegisterAcc-Chrome -->
  </suite> <!-- MasterSuite -->
</testng-results>
