<?xml version="1.0" encoding="UTF-8"?>
<!-- Generated by org.testng.reporters.JUnitXMLReporter -->
<testsuite ignored="0" hostname="MSI" failures="1" tests="2" name="RegisterAcc-Chrome" time="19.053" errors="0" timestamp="2025-03-09T15:36:15 ICT">
  <testcase classname="testCases.TC01_VerifyRegisterAccount" name="registerAcc" time="11.743">
    <failure type="java.lang.AssertionError" message="expected [true] but found [false]">
      <![CDATA[java.lang.AssertionError: expected [true] but found [false]
at testCases.TC01_VerifyRegisterAccount.registerAcc(TC01_VerifyRegisterAccount.java:40)
at java.base/java.util.ArrayList.forEach(ArrayList.java:1597)
at com.intellij.rt.testng.IDEARemoteTestNG.run(IDEARemoteTestNG.java:65)
at com.intellij.rt.testng.RemoteTestNGStarter.main(RemoteTestNGStarter.java:105)
... Removed 26 stack frames]]>
    </failure>
  </testcase> <!-- registerAcc -->
  <testcase classname="testCases.TC02_Login" name="loginSuccess" time="1.307"/>
</testsuite> <!-- RegisterAcc-Chrome -->
